<?xml version="1.0" encoding="UTF-8"?>
<!-- Generated by org.testng.reporters.JUnitReportReporter -->
<testsuite hostname="DESKTOP-4K7EO8O" failures="0" tests="2" name="TestCases.VerifyLoginPage" time="8.666" errors="0" timestamp="2022-02-13T12:29:28 IST" skipped="0">
  <testcase classname="TestCases.VerifyLoginPage" name="LaunchBrowser" time="5.848"/>
  <system-out/>
  <testcase classname="TestCases.VerifyLoginPage" name="LaunchBrowser" time="2.818"/>
  <system-out/>
</testsuite> <!-- TestCases.VerifyLoginPage -->
